2020-06-18 16:32:40,340 INFO s.Server [main] Starting the server...
2020-06-18 16:32:47,340 INFO s.Server [main] Starting the server...
2020-06-18 16:32:47,346 INFO s.Server [main] Awaiting client...
2020-06-18 16:32:56,329 INFO s.Server [main] Client connected, initializing game...
2020-06-18 16:32:56,343 DEBUG s.p.V1Protocol [main] [InitializedSprites: write] content-length: 1159, raw: 1,-28.981956368226065,-22.840649351623384,-50.75634299595835
1,8.994023662154703,-95.62572341900989,-97.80113374389147
1,33.301491111938304,-53.79731151189607,-8.882776805638159
1,46.101789810354575,-61.53558548378977,-9.214987470570705
1,-77.77665387967598,78.76326055664774,68.77332035279278
1,94.23423308767983,-7.301488231789307,-28.797561477103145
1,-31.180868269531018,-43.577002288297045,73.31797483482981
1,53.82790056630543,74.63156477178987,72.47259571424655
1,76.7090678978085,79.97306968279449,81.3758930513736
1,15.717408985303962,61.4279645640687,-48.32331964894349
1,-32.07647846242294,79.5174714219778,-69.98114344096847
1,-10.44094141344749,76.83993588879721,-84.6866841368981
1,-57.08800181499065,-9.69766750296722,27.842256728568728
1,48.24034636017356,-30.583485540872744,-5.31885881436969
1,-19.681217624801064,80.8240052288296,-8.00547484817666
1,28.31012060665344,-2.9259677310314913,53.7623081204859
1,-13.534907254627129,-29.72455560577953,-73.93449395038587
1,-22.430944926075398,-1.220469612168145,81.59991087650133
1,-6.467925176722048,-6.101300050322536,-26.46578759115947
1,-1.9454755901064686,34.5789510860385,21.703127755095863
2020-06-18 16:32:56,344 INFO s.Server [main] Game initialized and sent to client.
2020-06-18 16:32:56,350 DEBUG s.p.V1Protocol [Thread-2] [UpdateLocationRequest: read] content-length: 49, raw: 2.123123,323234.1231223,23423423.123123,233.12312
2020-06-18 16:32:56,352 INFO s.Server [Thread-2] New UpdateLocationRequest received and deserialized.
2020-06-18 16:33:00,782 ERROR s.Server [Thread-2] java.net.SocketException: Connection reset
2020-06-21 16:13:14,885 INFO s.Server [main] Starting the server...
2020-06-21 16:13:58,438 INFO s.Server [main] Starting the server...
2020-06-21 16:15:02,044 INFO s.Server [main] Starting the server...
2020-06-21 16:15:34,275 INFO s.Server [main] Starting the server...
2020-06-21 16:15:34,281 INFO s.Server [main] Awaiting client...
2020-06-21 16:15:41,845 INFO s.Server [main] Client connected, initializing game...
2020-06-21 16:15:41,858 DEBUG s.p.V1Protocol [main] [InitializedSprites: write] content-length: 1161, raw: 1,11.283421586682294,17.34655163066971,29.561069504197377
1,61.642684108677884,-59.43737476679244,-56.389145619276164
1,-77.9981825925241,-36.417069869634474,-31.649873801629354
1,95.27979986628503,-96.01061157639612,20.64709950250446
1,91.45633661739313,-8.368753591668877,-70.93460597341372
1,5.3418665791923985,-27.61558878866566,-76.89705127424162
1,-47.143182266421135,4.053013829209021,-42.49080485784402
1,31.324236750823985,53.242571185168885,3.038345713077476
1,69.90589695097032,87.79438895984777,-22.189952444475068
1,-1.6024062401082375,58.81836202919686,10.962237938375111
1,-53.20484247921834,-77.59666068032054,89.2966704203181
1,-55.334072056708365,89.6298211972599,52.79680803634878
1,-77.8947470375782,-77.62319458603814,-58.31705290594353
1,32.65320080788089,93.60507505592946,-52.54170711436874
1,-85.22601885844662,35.203681798856394,-50.05261247654804
1,-79.30178870127352,-37.43738349095926,56.56436437642833
1,-3.418491936292,66.7023277297333,-95.02616816128992
1,-55.33240892230633,44.775353236290215,-81.65293851999192
1,100.40438918389751,57.816640271053956,-30.42491141182542
1,-24.618943012265774,58.57515354130069,39.19224018520367
2020-06-21 16:15:41,858 INFO s.Server [main] Game initialized and sent to client.
2020-06-21 16:15:41,865 DEBUG s.p.V1Protocol [Thread-2] [UpdateLocationRequest: read] content-length: 49, raw: 2.123123,323234.1231223,23423423.123123,233.12312
2020-06-21 16:15:41,866 INFO s.Server [Thread-2] New UpdateLocationRequest received and deserialized.
2020-06-21 16:15:41,869 ERROR s.Server [Thread-2] java.net.SocketException: Connection reset
2020-06-21 16:16:24,568 INFO s.Server [main] Starting the server...
2020-06-21 16:16:24,575 INFO s.Server [main] Awaiting client...
2020-06-21 16:16:33,138 INFO s.Server [main] Client connected, initializing game...
2020-06-21 16:16:33,151 DEBUG s.p.V1Protocol [main] [InitializedSprites: write] content-length: 1169, raw: 1,-58.379300456230396,-90.15132253669755,-62.37343093030846
1,-87.4865551379083,-79.20025406192502,-77.5373163813059
1,-61.96608511263296,-17.036027810055643,1.9509834169965359
1,60.57020982902756,1.202191293987397,-51.61959094275657
1,-4.028502146656976,-76.22227492315828,33.46623495499068
1,-77.12729599235334,-6.83592267884346,-79.27953696811994
1,79.58498776368668,-27.62588750508428,78.16586715132559
1,14.847242224507085,54.681084521771965,-25.472071093939988
1,-28.475863643843738,-35.2135961468945,-79.05213930959151
1,89.79632326795507,81.15906819185142,22.622924363330313
1,-73.46200279090029,-84.32554740413353,77.46616403649338
1,-43.25038862620276,44.51387699379262,23.304267006124817
1,-11.520191538947316,34.69473150315699,-35.138277632857836
1,59.099641942237724,-12.655272545379518,-65.52622972259408
1,73.3499719241673,-82.78171888746174,70.32348722275046
1,-2.435176307416981,-1.5531663080039095,29.84554914683838
1,1.7059715759032343,24.565218420036004,-1.3970887344781602
1,-37.70830556496956,66.28060620856812,-75.04892547820135
1,-61.04825929571083,-17.153874773386605,99.47737248170588
1,-3.8678509009500743,63.884438644412654,13.18120970305577
2020-06-21 16:16:33,151 INFO s.Server [main] Game initialized and sent to client.
2020-06-21 16:16:33,157 DEBUG s.p.V1Protocol [Thread-2] [UpdateLocationRequest: read] content-length: 49, raw: 2.123123,323234.1231223,23423423.123123,233.12312
2020-06-21 16:16:33,159 INFO s.Server [Thread-2] New UpdateLocationRequest received and deserialized.
2020-06-21 16:16:33,161 ERROR s.Server [Thread-2] java.net.SocketException: Connection reset
2020-06-21 16:36:39,335 INFO s.Server [main] Starting the server...
2020-06-21 16:36:39,341 INFO s.Server [main] Awaiting client...
2020-06-21 16:37:02,020 INFO s.ClientService [Thread-1] Client connected, initializing game...
2020-06-21 16:37:02,033 DEBUG s.p.V1Protocol [Thread-1] [InitializedSprites: write] content-length: 1170, raw: 1,-12.870876413719188,30.363571906615732,5.210752361391954
1,-74.38220959630232,-94.77640084203212,44.58740377414847
1,58.917448585163044,-75.32858330928363,-28.05198469998477
1,61.204899439038655,55.73609509090522,61.595910121335606
1,41.23461945338224,-57.75920356184431,-90.75308720815912
1,80.34957812339024,-45.35849954205192,-3.6831968769639474
1,24.403668146422575,-2.0382225029414087,68.10163392894617
1,-86.97649935332217,-41.68472260358906,-19.315511063966213
1,69.55870787317511,-17.416779201424305,96.54594304502282
1,-6.006996795794507,-86.48678777102685,2.34621327534866
1,-6.925103617796964,-56.41601837375655,-50.50461206637303
1,95.44458423993362,74.69080299308385,27.566908862139613
1,76.00615374919772,-85.50807302692031,88.26069647375229
1,29.374160143008453,-40.47735690599295,-68.43856620115082
1,31.009714765099545,-80.47481015314372,-0.24795736808162872
1,-28.198959857864764,-86.32445977629774,-59.72802593478234
1,18.435436328654973,1.9516661541258884,-54.84002271548839
1,-11.67428020435058,51.65296704740098,55.722720719156825
1,83.09040293201653,-40.68116815586426,9.762095722017605
1,14.449187443998483,30.525008625023048,-50.60828838696532
2020-06-21 16:37:02,034 INFO s.ClientService [Thread-1] Game initialized and sent to client.
2020-06-21 16:37:02,040 DEBUG s.p.V1Protocol [Thread-3] [UpdateLocationRequest: read] content-length: 49, raw: 2.123123,323234.1231223,23423423.123123,233.12312
2020-06-21 16:37:02,043 INFO s.ClientService [Thread-3] New UpdateLocationRequest received and deserialized.
2020-06-21 16:37:02,045 ERROR s.ClientService [Thread-3] java.net.SocketException: Connection reset
2020-06-21 16:37:34,652 INFO s.Server [main] Starting the server...
2020-06-21 16:37:34,659 INFO s.Server [main] Awaiting client...
2020-06-21 16:37:41,785 INFO s.Server [main] A new client accepted.
2020-06-21 16:37:41,787 INFO s.Server [main] Awaiting client...
2020-06-21 16:37:41,787 INFO s.ClientService [Thread-1] A client is running...
2020-06-21 16:37:41,788 INFO s.ClientService [Thread-1] Client connected, initializing game...
2020-06-21 16:37:41,803 DEBUG s.p.V1Protocol [Thread-1] [InitializedSprites: write] content-length: 1165, raw: 1,97.36230614818109,64.7317556437336,29.75079202115441
1,-99.38790480379542,-32.34741997564595,-96.97477889263925
1,0.915515706263136,81.16976185192169,12.641614810090744
1,-49.78903685443135,-10.558604231148891,77.86530629379729
1,-52.613976820087316,36.72112023682186,44.28270440961202
1,49.963501089121735,-15.069974083641824,83.60935565759192
1,83.83523729533937,98.77468278161322,-34.741082597924006
1,-0.5257715693515053,-48.891414382538315,56.6548638824014
1,29.051492391524278,-13.42283412057995,-50.37033935932386
1,54.85267519806274,-14.787513871707148,85.81227035217461
1,4.342305508480521,-69.10214884181553,49.64769750326025
1,-96.76325202730078,80.7023388767752,51.855908351741505
1,87.38188864306187,-2.6710429963086,20.75824940852671
1,-76.69028115659225,-19.08617960616253,-60.994847149731896
1,-0.7452013921819969,-45.62886145913998,-26.34730942654643
1,-88.30334625007345,99.70008474959349,-22.62554065930071
1,64.38686885438176,83.46582067768026,-86.10374635936329
1,-1.8416801813869768,-52.001562103392786,82.22229635695138
1,-54.35017307046958,-40.996167151169644,-18.943943776779577
1,-9.409804190147582,-79.75033351152636,0.36415060738569593
2020-06-21 16:37:41,804 INFO s.ClientService [Thread-1] Game initialized and sent to client.
2020-06-21 16:37:41,811 DEBUG s.p.V1Protocol [Thread-3] [UpdateLocationRequest: read] content-length: 49, raw: 2.123123,323234.1231223,23423423.123123,233.12312
2020-06-21 16:37:41,814 INFO s.ClientService [Thread-3] New UpdateLocationRequest received and deserialized.
2020-06-21 16:37:41,816 ERROR s.ClientService [Thread-3] java.net.SocketException: Connection reset
2020-06-21 16:37:54,877 INFO s.Server [main] A new client accepted.
2020-06-21 16:37:54,877 INFO s.Server [main] Awaiting client...
2020-06-21 16:37:54,877 INFO s.ClientService [Thread-4] A client is running...
2020-06-21 16:37:54,878 INFO s.ClientService [Thread-4] Client connected, initializing game...
2020-06-21 16:37:54,879 DEBUG s.p.V1Protocol [Thread-4] [InitializedSprites: write] content-length: 1168, raw: 1,2.4937607976353746,-23.127585443924843,-9.171036079461032
1,-94.50580858500525,26.314846799950487,52.86005815385616
1,95.9121667796407,-27.030727960459444,-78.85232592417572
1,25.942928707399417,-43.71137768917838,8.867399256919114
1,-71.47590276316276,-70.90871517094953,67.85174972718352
1,-29.917533135818516,-53.048495069737044,52.799619506892384
1,-12.804133962648834,98.83413567079236,7.205898830803605
1,-17.990084513392688,97.57241517997528,64.94514261514084
1,-0.21399150444651127,-30.635053205376835,-99.72687602776081
1,48.86785560925074,-29.862378441612705,76.88123366206173
1,-49.3703400716231,-4.240670428182426,-94.91778572376192
1,-73.72290206035116,-29.40221778929734,-33.87232222782781
1,-55.13429961844102,91.74266713730341,-92.67158660074557
1,79.70253561321275,-72.61945262263865,-28.103038672439197
1,-98.78101635232443,81.21849476288497,-51.591309874588056
1,-92.95869195792369,80.68545371152626,19.742701974890963
1,-51.81731169123144,-72.41114099838369,-94.70134578216965
1,-97.97339339855625,79.16911298238276,-91.27319973856427
1,86.9883118608625,-82.88346238615324,99.74080361699342
1,35.95078340316246,41.733784907956476,65.1190897814098
2020-06-21 16:37:54,879 INFO s.ClientService [Thread-4] Game initialized and sent to client.
2020-06-21 16:37:54,887 DEBUG s.p.V1Protocol [Thread-6] [UpdateLocationRequest: read] content-length: 49, raw: 2.123123,323234.1231223,23423423.123123,233.12312
2020-06-21 16:37:54,887 INFO s.ClientService [Thread-6] New UpdateLocationRequest received and deserialized.
2020-06-21 16:37:54,891 ERROR s.ClientService [Thread-6] java.net.SocketException: Connection reset
2020-06-21 16:38:02,777 INFO s.Server [main] A new client accepted.
2020-06-21 16:38:02,777 INFO s.Server [main] Awaiting client...
2020-06-21 16:38:02,777 INFO s.ClientService [Thread-7] A client is running...
2020-06-21 16:38:02,778 INFO s.ClientService [Thread-7] Client connected, initializing game...
2020-06-21 16:38:02,781 DEBUG s.p.V1Protocol [Thread-7] [InitializedSprites: write] content-length: 1171, raw: 1,-53.676355587619575,74.10039338166254,-41.46729450259099
1,13.584543581504633,88.67858266856888,-26.08001725475458
1,25.467026355627553,-83.55471746717576,-77.78881604301536
1,-19.029042834348402,22.370514557858826,-41.174011363401185
1,-79.41132759568609,-97.07041544485587,-25.057421281462837
1,-16.671435966223825,19.48827437092106,-80.08129961969361
1,-68.84962234508902,56.587095083327426,-36.99897524053576
1,42.54211240268853,-3.5855259372641797,57.98679475515473
1,84.07149196487697,-77.28259555980955,97.38289003653836
1,-41.554212581905325,-57.63331882130091,-72.76435624479736
1,-27.93578850935181,-55.93033692851181,20.136270065298064
1,2.2159770902022444,-11.287540445395422,-27.69380462026497
1,-62.048477600967956,-36.73158544376869,-35.865171220996686
1,-82.04881598044332,19.691714089861293,-75.76998471137846
1,53.02784188955212,-48.01374050616698,53.78453937851842
1,-87.20240698974278,89.53842915265781,16.765710650317132
1,15.500955505567305,98.24429183566303,22.493400987735058
1,30.51167114033271,-77.94487191488622,37.67810155133526
1,-24.355832406590423,-71.5743245979396,38.366520801978
1,-2.023191515682754,63.83310248001783,72.97949972775149
2020-06-21 16:38:02,781 INFO s.ClientService [Thread-7] Game initialized and sent to client.
2020-06-21 16:38:02,787 DEBUG s.p.V1Protocol [Thread-9] [UpdateLocationRequest: read] content-length: 49, raw: 2.123123,323234.1231223,23423423.123123,233.12312
2020-06-21 16:38:02,788 INFO s.ClientService [Thread-9] New UpdateLocationRequest received and deserialized.
2020-06-21 16:38:02,791 ERROR s.ClientService [Thread-9] java.net.SocketException: Connection reset
2020-06-21 16:38:15,646 INFO s.Server [main] A new client accepted.
2020-06-21 16:38:15,647 INFO s.Server [main] Awaiting client...
2020-06-21 16:38:15,647 INFO s.ClientService [Thread-10] A client is running...
2020-06-21 16:38:15,647 INFO s.ClientService [Thread-10] Client connected, initializing game...
2020-06-21 16:38:15,648 DEBUG s.p.V1Protocol [Thread-10] [InitializedSprites: write] content-length: 1164, raw: 1,45.603950545535696,32.61717802895029,-31.796229280249236
1,-97.89065443556318,-5.949681843488719,20.105304619981126
1,36.44930550658117,1.1046925786241673,2.4019082978974637
1,-27.3895033160762,81.62158714882293,-68.04305346016007
1,38.34771343161782,76.70697656316042,9.208341248189157
1,-24.187198392941696,42.16172422339804,-88.16438068128943
1,-31.973777091843417,-56.03669032138431,-34.9147182924811
1,-74.78789360922461,10.974939096158096,77.49220176406266
1,-7.523310616195658,47.42858675194444,15.850772286558453
1,-52.69454919057927,92.06168053169586,58.922515569988946
1,55.227538180983004,-22.230930029772892,95.13113523537783
1,-5.180598506793245,-80.12131179123858,-34.40672931476858
1,-50.79869253528827,21.39554379765555,-78.66352219863953
1,-49.08161498128372,1.4770725333456056,-7.447834696691146
1,-41.03767501329859,15.781722066092527,-32.55989126747899
1,-97.75568890519355,34.337147902998026,0.2743085197237036
1,45.02162468806995,70.76570494223094,16.87119303933551
1,50.732672098274804,-39.88675800085149,-31.84485824029342
1,11.280079670848252,-44.74687499681987,-85.38025369328312
1,-99.23955472269141,74.97690601903153,32.66477026689603
2020-06-21 16:38:15,649 INFO s.ClientService [Thread-10] Game initialized and sent to client.
2020-06-21 16:38:15,658 DEBUG s.p.V1Protocol [Thread-12] [UpdateLocationRequest: read] content-length: 49, raw: 2.123123,323234.1231223,23423423.123123,233.12312
2020-06-21 16:38:15,659 INFO s.ClientService [Thread-12] New UpdateLocationRequest received and deserialized.
2020-06-21 16:38:15,663 ERROR s.ClientService [Thread-12] java.net.SocketException: Connection reset
